<?xml version="1.0" encoding="UTF-8"?>
<persistence version="2.1" xmlns="http://xmlns.jcp.org/xml/ns/persistence"
             xmlns:xsi="http://www.w3.org/2001/XMLSchema-instance"
             xsi:schemaLocation="http://xmlns.jcp.org/xml/ns/persistence
http://www.oracle.com/webfolder/technetwork/jsc/xml/ns/persistence/persistence_2_1.xsd">

    <persistence-unit name="aow" transaction-type="JTA">
        <!-- In real life: have at least two data sources, one for the application and one for the integration test. -->
        <jta-data-source>jdbc/aow</jta-data-source>
        <properties>
            <property name="javax.persistence.schema-generation.database.action" value="create"/>
            <property name="eclipselink.deploy-on-startup" value="true"/>
        </properties>
    </persistence-unit>

</persistence>
